#
# A fatal error has been detected by the Java Runtime Environment:
#
#  Internal Error (os_windows_x86.cpp:114), pid=4996, tid=4084
#  Error: guarantee(result == -1,"Unexpected result from topLevelExceptionFilter")
#
# JRE version: 6.0_17-b04
# Java VM: Java HotSpot(TM) 64-Bit Server VM (14.3-b01 mixed mode windows-amd64 )
# If you would like to submit a bug report, please visit:
#   http://java.sun.com/webapps/bugreport/crash.jsp
# The crash happened outside the Java Virtual Machine in native code.
# See problematic frame for where to report the bug.
#

---------------  T H R E A D  ---------------

Current thread (0x0000000005aaf000):  JavaThread "main" [_thread_in_native, id=4084, stack(0x00000000001b0000,0x00000000041b0000)]

Stack: [0x00000000001b0000,0x00000000041b0000]
[error occurred during error reporting (printing stack bounds), id 0xc0000005]

Java frames: (J=compiled Java code, j=interpreted, Vv=VM code)
j  com.mathworks.jmi.NativeMatlab.ProcessPendingEvents()Z+0
j  com.mathworks.jmi.NativeMatlab.processPendingEvents()Z+8
j  com.mathworks.jmi.Matlab$ProcessPendingEvents.callBooleanMethod(Ljava/lang/Object;)Z+0
j  com.mathworks.util.FactoryUtils.processPendingEvents()Z+12
j  com.mathworks.widgets.desk.Desktop.canClose()Z+38
j  com.mathworks.mde.desk.MLDesktop.canClose()Z+113
j  com.mathworks.mde.desk.MLDesktop$2.call()Ljava/lang/Boolean;+4
j  com.mathworks.mde.desk.MLDesktop$2.call()Ljava/lang/Object;+1
j  com.mathworks.jmi.Matlab.isOkToExit()Z+54
v  ~StubRoutines::call_stub
j  com.mathworks.jmi.NativeMatlab.SendMatlabMessage(Ljava/lang/Object;)Ljava/lang/Object;+0
j  com.mathworks.jmi.NativeMatlab.sendMatlabMessage(Ljava/lang/Object;)Ljava/lang/Object;+22
j  com.mathworks.jmi.MatlabLooper.sendMatlabMessage(Lcom/mathworks/services/message/MWMessage;)Ljava/lang/Object;+20
j  com.mathworks.jmi.Matlab.mtFevalConsoleOutput(Ljava/lang/String;[Ljava/lang/Object;I)Ljava/lang/Object;+58
j  com.mathworks.mde.desk.MLDesktop$8.run()V+14
j  com.mathworks.jmi.NativeMatlab.dispatchMTRequests(Z)V+57
v  ~StubRoutines::call_stub

---------------  P R O C E S S  ---------------

Java Threads: ( => current thread )
  0x000000006c4f1800 JavaThread "Image Fetcher 0" daemon [_thread_blocked, id=6632, stack(0x000000006e490000,0x000000006e510000)]
  0x000000006c4f5800 JavaThread "Foxtrot Single Worker Thread #1" daemon [_thread_blocked, id=4488, stack(0x0000000048940000,0x00000000489c0000)]
  0x000000006c4f7000 JavaThread "Timer-91" [_thread_blocked, id=4592, stack(0x00000000261f0000,0x0000000026270000)]
  0x000000006c4f3000 JavaThread "pool-5-thread-1" [_thread_blocked, id=1364, stack(0x000000006e7b0000,0x000000006e830000)]
  0x000000006c4f3800 JavaThread "Prefs Updater" daemon [_thread_blocked, id=5992, stack(0x0000000026010000,0x0000000026090000)]
  0x000000006c4ec800 JavaThread "Active Reference Queue Daemon" daemon [_thread_blocked, id=2428, stack(0x000000006d800000,0x000000006d880000)]
  0x000000006c4eb000 JavaThread "Timer-13" daemon [_thread_blocked, id=4840, stack(0x000000006dbb0000,0x000000006dc30000)]
  0x000000006c4eb800 JavaThread "Timer-10" daemon [_thread_blocked, id=3184, stack(0x000000006e0b0000,0x000000006e130000)]
  0x000000006c4ea000 JavaThread "Swing-Shell" daemon [_thread_blocked, id=3280, stack(0x000000006dfc0000,0x000000006e040000)]
  0x000000006bc1f000 JavaThread "Explorer NavigationContext request queue" [_thread_blocked, id=740, stack(0x000000006dd30000,0x000000006ddb0000)]
  0x000000006bc1d800 JavaThread "AddressBar directory emptiness poller" [_thread_blocked, id=2480, stack(0x000000006da00000,0x000000006da80000)]
  0x000000006bc1d000 JavaThread "Explorer Refresh Service 1724881904" [_thread_blocked, id=2412, stack(0x0000000050c90000,0x0000000050d10000)]
  0x000000006bc1b800 JavaThread "Timer-1" daemon [_thread_blocked, id=2396, stack(0x000000006d8a0000,0x000000006d920000)]
  0x000000006bc1b000 JavaThread "TimerQueue" daemon [_thread_blocked, id=4136, stack(0x0000000065320000,0x00000000653a0000)]
  0x000000006bc1a000 JavaThread "Thread-5" daemon [_thread_blocked, id=1684, stack(0x0000000065170000,0x00000000651f0000)]
  0x000000006bc19800 JavaThread "AWT-EventQueue-0" [_thread_blocked, id=2768, stack(0x0000000044770000,0x00000000447f0000)]
  0x000000006bc18800 JavaThread "AWT-Shutdown" [_thread_blocked, id=1844, stack(0x0000000050c00000,0x0000000050c80000)]
  0x000000006bbe7800 JavaThread "FelixPackageAdmin" daemon [_thread_blocked, id=1456, stack(0x0000000054d30000,0x0000000054db0000)]
  0x000000006bbe6800 JavaThread "FelixStartLevel" daemon [_thread_blocked, id=4376, stack(0x0000000060ff0000,0x0000000061070000)]
  0x000000006bae1800 JavaThread "FelixDispatchQueue" daemon [_thread_blocked, id=4888, stack(0x000000005cea0000,0x000000005cf20000)]
  0x000000006ba2b000 JavaThread "com.google.common.base.internal.Finalizer" daemon [_thread_blocked, id=4832, stack(0x000000001d150000,0x000000001d1d0000)]
  0x000000000f2dd800 JavaThread "AWT-Windows" daemon [_thread_in_native, id=2832, stack(0x0000000014fa0000,0x0000000015020000)]
  0x000000000f2dc000 JavaThread "Java2D Disposer" daemon [_thread_blocked, id=4164, stack(0x00000000406d0000,0x0000000040750000)]
  0x000000006b601000 JavaThread "Timer-0" [_thread_blocked, id=4228, stack(0x000000001d0d0000,0x000000001d150000)]
  0x000000000ff33000 JavaThread "EventMgr Dispatcher" daemon [_thread_in_native, id=1072, stack(0x0000000008dc0000,0x000000000cdc0000)]
  0x000000000f2aa800 JavaThread "Low Memory Detector" daemon [_thread_blocked, id=172, stack(0x000000000efa0000,0x000000000f020000)]
  0x000000000f2a3800 JavaThread "CompilerThread1" daemon [_thread_blocked, id=3220, stack(0x0000000080000000,0x0000000084000000)]
  0x000000000f25a800 JavaThread "CompilerThread0" daemon [_thread_blocked, id=5096, stack(0x00000000674d0000,0x000000006b4d0000)]
  0x000000000f259800 JavaThread "Attach Listener" daemon [_thread_blocked, id=4772, stack(0x000000000dc80000,0x000000000dd00000)]
  0x000000000f23e000 JavaThread "Finalizer" daemon [_thread_blocked, id=4120, stack(0x000000000f350000,0x000000000f3d0000)]
  0x0000000005baf000 JavaThread "Reference Handler" daemon [_thread_blocked, id=1028, stack(0x000000000f030000,0x000000000f0b0000)]
=>0x0000000005aaf000 JavaThread "main" [_thread_in_native, id=4084, stack(0x00000000001b0000,0x00000000041b0000)]

Other Threads:
  0x0000000005bac000 VMThread [stack: 0x0000000061080000,0x0000000065080000] [id=3228]
  0x000000000f2d0000 WatcherThread [stack: 0x0000000084070000,0x0000000088070000] [id=4740]

VM state:not at safepoint (normal execution)

VM Mutex/Monitor currently owned by a thread: None

Heap
 PSYoungGen      total 48256K, used 28990K [0x000000003d5a0000, 0x0000000040650000, 0x00000000406a0000)
  eden space 46720K, 59% used [0x000000003d5a0000,0x000000003f0abfd8,0x0000000040340000)
  from space 1536K, 84% used [0x0000000040340000,0x00000000404839b0,0x00000000404c0000)
  to   space 1536K, 0% used [0x00000000404d0000,0x00000000404d0000,0x0000000040650000)
 PSOldGen        total 150528K, used 81650K [0x00000000342a0000, 0x000000003d5a0000, 0x000000003d5a0000)
  object space 150528K, 54% used [0x00000000342a0000,0x000000003925c9e8,0x000000003d5a0000)
 PSPermGen       total 113024K, used 70892K [0x000000002c2a0000, 0x0000000033100000, 0x00000000342a0000)
  object space 113024K, 62% used [0x000000002c2a0000,0x00000000307db268,0x0000000033100000)

Dynamic libraries:
0x000000013f9a0000 - 0x000000013f9cd000 	C:\Program Files\MATLAB\R2012b\bin\win64\MATLAB.exe
0x0000000077b10000 - 0x0000000077cb9000 	C:\Windows\SYSTEM32\ntdll.dll
0x00000000778f0000 - 0x0000000077a0f000 	C:\Windows\system32\kernel32.dll
0x000007fefdc20000 - 0x000007fefdc8c000 	C:\Windows\system32\KERNELBASE.dll
0x0000000074460000 - 0x000000007451f000 	C:\Program Files\MATLAB\R2012b\bin\win64\libut.dll
0x00000000758a0000 - 0x000000007595c000 	C:\Program Files\MATLAB\R2012b\bin\win64\libmwi18n.dll
0x0000000180000000 - 0x000000018000b000 	C:\Program Files\MATLAB\R2012b\bin\win64\libmwresource_core.dll
0x000000006f7f0000 - 0x000000006f8c3000 	C:\Windows\WinSxS\amd64_microsoft.vc90.crt_1fc8b3b9a1e18e3b_9.0.30729.6161_none_08e61857a83bc251\MSVCP90.dll
0x000000006f8d0000 - 0x000000006f973000 	C:\Windows\WinSxS\amd64_microsoft.vc90.crt_1fc8b3b9a1e18e3b_9.0.30729.6161_none_08e61857a83bc251\MSVCR90.dll
0x000000007a170000 - 0x000000007a19c000 	C:\Program Files\MATLAB\R2012b\bin\win64\boost_filesystem-vc90-mt-1_44.dll
0x000000007a560000 - 0x000000007a569000 	C:\Program Files\MATLAB\R2012b\bin\win64\boost_system-vc90-mt-1_44.dll
0x000007fefddd0000 - 0x000007fefdeab000 	C:\Windows\system32\ADVAPI32.dll
0x000007fefe760000 - 0x000007fefe7ff000 	C:\Windows\system32\msvcrt.dll
0x000007feffcc0000 - 0x000007feffcdf000 	C:\Windows\SYSTEM32\sechost.dll
0x000007fefdca0000 - 0x000007fefddcd000 	C:\Windows\system32\RPCRT4.dll
0x000000007a010000 - 0x000000007a035000 	C:\Program Files\MATLAB\R2012b\bin\win64\LIBEXPAT.dll
0x00000000672d0000 - 0x00000000674c1000 	C:\Program Files\MATLAB\R2012b\bin\win64\icuin44.dll
0x0000000067150000 - 0x00000000672c1000 	C:\Program Files\MATLAB\R2012b\bin\win64\icuuc44.dll
0x0000000010000000 - 0x0000000010e41000 	C:\Program Files\MATLAB\R2012b\bin\win64\icudt44.dll
0x0000000073f70000 - 0x000000007411d000 	C:\Program Files\MATLAB\R2012b\bin\win64\libmwfl.dll
0x0000000004430000 - 0x00000000047e6000 	C:\Program Files\MATLAB\R2012b\bin\win64\libmwMATLAB_res.dll
0x000000007a3b0000 - 0x000000007a3c0000 	C:\Program Files\MATLAB\R2012b\bin\win64\boost_date_time-vc90-mt-1_44.dll
0x000000007a250000 - 0x000000007a263000 	C:\Program Files\MATLAB\R2012b\bin\win64\boost_signals-vc90-mt-1_44.dll
0x000000007a2d0000 - 0x000000007a2e2000 	C:\Program Files\MATLAB\R2012b\bin\win64\boost_thread-vc90-mt-1_44.dll
0x00000000041b0000 - 0x000000000426d000 	C:\Program Files\MATLAB\R2012b\bin\win64\boost_log-vc90-mt-1_44.dll
0x0000000077cd0000 - 0x0000000077cd7000 	C:\Windows\system32\PSAPI.DLL
0x000007feff9c0000 - 0x000007feffa0d000 	C:\Windows\system32\WS2_32.dll
0x000007fefe460000 - 0x000007fefe468000 	C:\Windows\system32\NSI.dll
0x0000000004270000 - 0x00000000042b6000 	C:\Program Files\MATLAB\R2012b\bin\win64\tbb.dll
0x000007fefe740000 - 0x000007fefe759000 	C:\Windows\system32\imagehlp.dll
0x000000006ef90000 - 0x000000006efa3000 	C:\Program Files\MATLAB\R2012b\bin\win64\icuio44.dll
0x000007fef4420000 - 0x000007fef4545000 	C:\Windows\system32\dbghelp.dll
0x0000000077a10000 - 0x0000000077b0a000 	C:\Windows\system32\USER32.dll
0x000007feffce0000 - 0x000007feffd47000 	C:\Windows\system32\GDI32.dll
0x000007fefdc90000 - 0x000007fefdc9e000 	C:\Windows\system32\LPK.dll
0x000007feffd50000 - 0x000007feffe19000 	C:\Windows\system32\USP10.dll
0x00000000047f0000 - 0x0000000004acc000 	C:\Program Files\MATLAB\R2012b\bin\win64\libmwservices.dll
0x0000000075a20000 - 0x0000000075af3000 	C:\Program Files\MATLAB\R2012b\bin\win64\libmx.dll
0x00000000042f0000 - 0x0000000004319000 	C:\Program Files\MATLAB\R2012b\bin\win64\tbbmalloc.dll
0x000000007a210000 - 0x000000007a228000 	C:\Program Files\MATLAB\R2012b\bin\win64\zlib1.dll
0x0000000004ae0000 - 0x0000000004b2d000 	C:\Program Files\MATLAB\R2012b\bin\win64\libmwregexp.dll
0x0000000004b40000 - 0x0000000004b63000 	C:\Program Files\MATLAB\R2012b\bin\win64\libmwmfl_scalar.dll
0x0000000075f10000 - 0x0000000075f60000 	C:\Program Files\MATLAB\R2012b\bin\win64\mpath.dll
0x000000007b680000 - 0x000000007bc9a000 	C:\Program Files\MATLAB\R2012b\bin\win64\mlutil.dll
0x00000000754d0000 - 0x0000000075551000 	C:\Program Files\MATLAB\R2012b\bin\win64\xmlcore.dll
0x0000000004bb0000 - 0x0000000004e03000 	C:\Program Files\MATLAB\R2012b\bin\win64\xerces-c_2_7.dll
0x0000000004e20000 - 0x0000000004e40000 	C:\Program Files\MATLAB\R2012b\bin\win64\libmwMATLAB_settings_res.dll
0x0000000004e50000 - 0x0000000004e60000 	C:\Program Files\MATLAB\R2012b\bin\win64\boost_iostreams-vc90-mt-1_44.dll
0x0000000004e70000 - 0x0000000004eb7000 	C:\Program Files\MATLAB\R2012b\bin\win64\boost_serialization-vc90-mt-1_44.dll
0x000007fefec30000 - 0x000007feff9b9000 	C:\Windows\system32\SHELL32.dll
0x000007fefe800000 - 0x000007fefe871000 	C:\Windows\system32\SHLWAPI.dll
0x000007fefa420000 - 0x000007fefa4c0000 	C:\Windows\WinSxS\amd64_microsoft.windows.common-controls_6595b64144ccf1df_5.82.7601.18201_none_a4d3b9377117c3df\COMCTL32.dll
0x000007feffa10000 - 0x000007feffaa7000 	C:\Windows\system32\COMDLG32.dll
0x000007fefbb80000 - 0x000007fefbb96000 	C:\Windows\system32\NETAPI32.dll
0x000007fefbb70000 - 0x000007fefbb7c000 	C:\Windows\system32\netutils.dll
0x000007fefd370000 - 0x000007fefd393000 	C:\Windows\system32\srvcli.dll
0x000007fefbb50000 - 0x000007fefbb65000 	C:\Windows\system32\wkscli.dll
0x000007feffab0000 - 0x000007feffcb3000 	C:\Windows\system32\ole32.dll
0x000007fefe380000 - 0x000007fefe457000 	C:\Windows\system32\OLEAUT32.dll
0x0000000074970000 - 0x0000000074a31000 	C:\Program Files\MATLAB\R2012b\bin\win64\mcr.dll
0x0000000075000000 - 0x00000000753e9000 	C:\Program Files\MATLAB\R2012b\bin\win64\iqm.dll
0x0000000074e80000 - 0x0000000074f38000 	C:\Program Files\MATLAB\R2012b\bin\win64\m_dispatcher.dll
0x0000000074880000 - 0x000000007496d000 	C:\Program Files\MATLAB\R2012b\bin\win64\boost_regex-vc90-mt-1_44.dll
0x000007fee9490000 - 0x000007fee9d01000 	C:\Program Files\MATLAB\R2012b\bin\win64\m_interpreter.dll
0x000000006ef60000 - 0x000000006ef87000 	C:\Program Files\MATLAB\R2012b\bin\win64\libmex.dll
0x000000006ed20000 - 0x000000006eda4000 	C:\Program Files\MATLAB\R2012b\bin\win64\profiler.dll
0x0000000004f40000 - 0x00000000051aa000 	C:\Program Files\MATLAB\R2012b\bin\win64\libmwmathutil.dll
0x0000000079f40000 - 0x0000000079f6e000 	C:\Program Files\MATLAB\R2012b\bin\win64\libmwmathrng.dll
0x00000000051d0000 - 0x00000000051e2000 	C:\Program Files\MATLAB\R2012b\bin\win64\libmwmfl_rng.dll
0x0000000074c10000 - 0x0000000074cee000 	C:\Program Files\MATLAB\R2012b\bin\win64\libmwmathcore.dll
0x0000000076160000 - 0x00000000761ca000 	C:\Program Files\MATLAB\R2012b\bin\win64\libmwspmatrix.dll
0x0000000075ea0000 - 0x0000000075f02000 	C:\Program Files\MATLAB\R2012b\bin\win64\libmwcholmod.dll
0x000000007a460000 - 0x000000007a46d000 	C:\Program Files\MATLAB\R2012b\bin\win64\libmwamd.dll
0x000000007a4b0000 - 0x000000007a4bc000 	C:\Program Files\MATLAB\R2012b\bin\win64\libmwcolamd.dll
0x000000007a290000 - 0x000000007a2a9000 	C:\Program Files\MATLAB\R2012b\bin\win64\libmwblas.dll
0x000000007a310000 - 0x000000007a321000 	C:\Program Files\MATLAB\R2012b\bin\win64\libmwbinder.dll
0x000000007a4d0000 - 0x000000007a4dc000 	C:\Program Files\MATLAB\R2012b\bin\win64\libmwompwrapper.dll
0x0000000005280000 - 0x0000000005305000 	C:\Program Files\MATLAB\R2012b\bin\win64\libmwlapack.dll
0x000000006ecf0000 - 0x000000006ed11000 	C:\Program Files\MATLAB\R2012b\bin\win64\m_pcodeio.dll
0x0000000079b10000 - 0x0000000079b77000 	C:\Program Files\MATLAB\R2012b\bin\win64\m_ir.dll
0x0000000066ae0000 - 0x0000000067150000 	C:\Program Files\MATLAB\R2012b\bin\win64\m_parser.dll
0x000000006efb0000 - 0x000000006efca000 	C:\Program Files\MATLAB\R2012b\bin\win64\ir_xfmr.dll
0x000007feea750000 - 0x000007feea9e6000 	C:\Program Files\MATLAB\R2012b\bin\win64\mcos.dll
0x000000006ef40000 - 0x000000006ef51000 	C:\Program Files\MATLAB\R2012b\bin\win64\mtok.dll
0x000000006ecb0000 - 0x000000006ece1000 	C:\Program Files\MATLAB\R2012b\bin\win64\m_pcodegen.dll
0x0000000079fb0000 - 0x0000000079fe6000 	C:\Program Files\MATLAB\R2012b\bin\win64\libmwbridge.dll
0x000000006ebe0000 - 0x000000006eca8000 	C:\Program Files\MATLAB\R2012b\bin\win64\udd.dll
0x0000000066980000 - 0x0000000066ad2000 	C:\Program Files\MATLAB\R2012b\bin\win64\libmwgui.dll
0x000000006ebc0000 - 0x000000006ebd7000 	C:\Program Files\MATLAB\R2012b\bin\win64\graphics_util.dll
0x0000000065f20000 - 0x000000006697f000 	C:\Program Files\MATLAB\R2012b\bin\win64\hg.dll
0x00000000053e0000 - 0x0000000005448000 	C:\Program Files\MATLAB\R2012b\bin\win64\libmat.dll
0x0000000072d30000 - 0x0000000072f44000 	C:\Program Files\MATLAB\R2012b\bin\win64\hdf5dll.dll
0x0000000075710000 - 0x00000000757de000 	C:\Program Files\MATLAB\R2012b\bin\win64\jmi.dll
0x0000000005480000 - 0x000000000548d000 	C:\Program Files\MATLAB\R2012b\bin\win64\nativejava_services.dll
0x000000006d9a0000 - 0x000000006d9e6000 	C:\Program Files\MATLAB\R2012b\bin\win64\libmwhardcopy.dll
0x0000000065eb0000 - 0x0000000065f13000 	C:\Program Files\MATLAB\R2012b\bin\win64\libuij.dll
0x0000000065c40000 - 0x0000000065ea4000 	C:\Program Files\MATLAB\R2012b\bin\win64\hgdatatypes.dll
0x0000000065b20000 - 0x0000000065c3f000 	C:\Program Files\MATLAB\R2012b\bin\win64\hgutils.dll
0x0000000065a60000 - 0x0000000065b20000 	C:\Program Files\MATLAB\R2012b\bin\win64\udd_mi.dll
0x00000000054f0000 - 0x000000000552b000 	C:\Program Files\MATLAB\R2012b\bin\win64\libmwgbtutils.dll
0x0000000005540000 - 0x000000000555b000 	C:\Program Files\MATLAB\R2012b\bin\win64\libmwgbt.dll
0x0000000005570000 - 0x0000000005841000 	C:\Program Files\MATLAB\R2012b\bin\win64\uiw.dll
0x0000000074180000 - 0x000000007418f000 	C:\Program Files\MATLAB\R2012b\bin\win64\uinone.dll
0x0000000005870000 - 0x0000000005899000 	C:\Program Files\MATLAB\R2012b\bin\win64\libmwnativefiledialogs.dll
0x00000000058b0000 - 0x00000000058b8000 	C:\Program Files\MATLAB\R2012b\bin\win64\libmwplatform_res.dll
0x000007fef7360000 - 0x000007fef7378000 	C:\Windows\system32\MPR.dll
0x0000000065570000 - 0x0000000065a54000 	C:\Windows\WinSxS\amd64_microsoft.vc90.mfc_1fc8b3b9a1e18e3b_9.0.30729.6161_none_044aad0bab1eb146\mfc90.dll
0x000007fefaaa0000 - 0x000007fefaaa7000 	C:\Windows\system32\MSIMG32.dll
0x000007fefa3a0000 - 0x000007fefa411000 	C:\Windows\system32\WINSPOOL.DRV
0x0000000065540000 - 0x0000000065562000 	C:\Program Files\MATLAB\R2012b\bin\win64\mwoles05.DLL
0x00000000654c0000 - 0x000000006553d000 	C:\Program Files\MATLAB\R2012b\bin\win64\comcli.dll
0x0000000072a60000 - 0x0000000072a8f000 	C:\Windows\WinSxS\amd64_microsoft.vc90.atl_1fc8b3b9a1e18e3b_9.0.30729.6161_none_0a1fd3a3a768b895\ATL90.DLL
0x0000000072a40000 - 0x0000000072a4c000 	C:\Program Files\MATLAB\R2012b\bin\win64\mlautoregister.dll
0x000007fefe470000 - 0x000007fefe49e000 	C:\Windows\system32\IMM32.DLL
0x000007fefe630000 - 0x000007fefe739000 	C:\Windows\system32\MSCTF.dll
0x000007fefc2a0000 - 0x000007fefc2f6000 	C:\Windows\system32\UxTheme.dll
0x000007fefbe70000 - 0x000007fefbe88000 	C:\Windows\system32\dwmapi.dll
0x000000006e870000 - 0x000000006e87d000 	C:\Windows\WinSxS\amd64_microsoft.vc90.mfcloc_1fc8b3b9a1e18e3b_9.0.30729.6161_none_01c9581e60cbee58\MFC90ENU.DLL
0x000007fef7ba0000 - 0x000007fef7bf3000 	C:\Program Files (x86)\Common Files\Intel\Shared Libraries\redist\intel64\compiler\cilkrts20.dll
0x000007fefd8d0000 - 0x000007fefd8df000 	C:\Windows\system32\profapi.dll
0x0000000005a90000 - 0x0000000005a9f000 	C:\Program Files\MATLAB\R2012b\bin\win64\xmlxrcsc.dll
0x0000000078870000 - 0x0000000078ecd000 	C:\Program Files\MATLAB\R2012b\sys\java\jre\win64\jre\bin\server\jvm.dll
0x000007fefb4f0000 - 0x000007fefb52b000 	C:\Windows\system32\WINMM.dll
0x000007fefb4d0000 - 0x000007fefb4e5000 	C:\Windows\system32\NLAapi.dll
0x000007fef7600000 - 0x000007fef7615000 	C:\Windows\system32\napinsp.dll
0x000007fef75e0000 - 0x000007fef75f9000 	C:\Windows\system32\pnrpnsp.dll
0x000007fefd010000 - 0x000007fefd065000 	C:\Windows\System32\mswsock.dll
0x000007fefd130000 - 0x000007fefd18b000 	C:\Windows\system32\DNSAPI.dll

VM Arguments:
jvm_args: -Xss512k -XX:PermSize=32m -Xms64m -XX:NewRatio=3 -XX:MaxPermSize=128m -Xmx196m -XX:MaxDirectMemorySize=2147400000 -Dsun.java2d.noddraw=true -Dsun.awt.nopixfmt=true -Xshare:off -Xrs -Dsun.awt.disableMixing=true -Djava.library.path=C:\Program Files\MATLAB\R2012b\bin\win64;C:\Program Files\MATLAB\R2012b\sys\jxbrowser\win64\lib vfprintf abort -Duser.language=en -Duser.country=US 
java_command: <unknown>
Launcher Type: generic

Environment Variables:
PATH=C:\ProgramData\Oracle\Java\javapath;C:\Program Files (x86)\Common Files\Intel\Shared Libraries\redist\intel64\compiler;C:\Windows\system32;C:\Windows;C:\Windows\System32\Wbem;C:\Windows\System32\WindowsPowerShell\v1.0\;c:\Program Files (x86)\Microsoft SQL Server\100\Tools\Binn\;c:\Program Files\Microsoft SQL Server\100\Tools\Binn\;c:\Program Files\Microsoft SQL Server\100\DTS\Binn\;C:\Program Files\MATLAB\R2012b\runtime\win64;C:\Program Files\MATLAB\R2012b\bin;D:\CTEX\UserData\miktex\bin;D:\CTEX\MiKTeX\miktex\bin;D:\CTEX\CTeX\ctex\bin;D:\CTEX\CTeX\cct\bin;D:\CTEX\CTeX\ty\bin;D:\CTEX\Ghostscript\gs9.05\bin;D:\CTEX\GSview\gsview;D:\CTEX\WinEdt;d:\Program Files\MiKTeX 2.9\miktex\bin\x64\
USERNAME=DING JIE
OS=Windows_NT
PROCESSOR_IDENTIFIER=Intel64 Family 6 Model 58 Stepping 9, GenuineIntel



---------------  S Y S T E M  ---------------

OS: Windows 7 Build 7601 Service Pack 1

CPU:total 8 (8 cores per cpu, 2 threads per core) family 6 model 58 stepping 9, cmov, cx8, fxsr, mmx, sse, sse2, sse3, ssse3, sse4.1, sse4.2, ht

Memory: 4k page, physical 8335748k(4407216k free), swap 16669640k(10876160k free)

vm_info: Java HotSpot(TM) 64-Bit Server VM (14.3-b01) for windows-amd64 JRE (1.6.0_17-b04), built on Oct 11 2009 00:46:08 by "java_re" with MS VC++ 8.0

time: Thu Jan 21 11:18:57 2016
elapsed time: 262334 seconds

